<?xml version="1.0" encoding="UTF-8"?>
<testsuite name="methodTests" tests="1" skipped="0" failures="0" errors="0" timestamp="2022-06-15T14:44:37" hostname="MSI" time="0.019">
  <properties/>
  <testcase name="shouldAddWrongGuessToWrongGuesses()" classname="methodTests" time="0.019"/>
  <system-out><![CDATA[]]></system-out>
  <system-err><![CDATA[]]></system-err>
</testsuite>
