<?xml version="1.0" encoding="UTF-8"?>
<testsuite name="methodTests" tests="5" skipped="0" failures="0" errors="0" timestamp="2022-06-17T00:09:52" hostname="MSI" time="0.03">
  <properties/>
  <testcase name="shouldReturnSecretWord()" classname="methodTests" time="0.018"/>
  <testcase name="shouldAddWrongGuessToWrongGuesses()" classname="methodTests" time="0.008"/>
  <testcase name="shouldReturnFalseIfGuessIsWrong()" classname="methodTests" time="0.0"/>
  <testcase name="shouldReturnTrueIfGuessIsCorrect()" classname="methodTests" time="0.002"/>
  <testcase name="shouldReturnWrongGuesses()" classname="methodTests" time="0.0"/>
  <system-out><![CDATA[play again? y/n
]]></system-out>
  <system-err><![CDATA[]]></system-err>
</testsuite>
